<?xml version="1.0" encoding="UTF-8" ?>
<testsuite tests="1" failures="0" name="com.epam.preprod.hadoop.test.AccessLogMapperTest" time="0.37" errors="1" skipped="0">
  <properties>
[...]
</properties>
  <testcase classname="com.epam.preprod.hadoop.test.AccessLogMapperTest" name="testMapper" time="0.238">
    <error message="Found class org.apache.hadoop.mapreduce.TaskInputOutputContext, but interface was expected" type="java.lang.IncompatibleClassChangeError">java.lang.IncompatibleClassChangeError: Found class org.apache.hadoop.mapreduce.TaskInputOutputContext, but interface was expected
	at org.apache.hadoop.mrunit.internal.mapreduce.AbstractMockContextWrapper.createCommon(AbstractMockContextWrapper.java:59)
	at org.apache.hadoop.mrunit.internal.mapreduce.MockMapContextWrapper.create(MockMapContextWrapper.java:77)
	at org.apache.hadoop.mrunit.internal.mapreduce.MockMapContextWrapper.&lt;init&gt;(MockMapContextWrapper.java:68)
	at org.apache.hadoop.mrunit.mapreduce.MapDriver.getContextWrapper(MapDriver.java:167)
	at org.apache.hadoop.mrunit.mapreduce.MapDriver.run(MapDriver.java:144)
	at org.apache.hadoop.mrunit.TestDriver.runTest(TestDriver.java:640)
	at org.apache.hadoop.mrunit.TestDriver.runTest(TestDriver.java:627)
	at com.epam.preprod.hadoop.test.AccessLogMapperTest.testMapper(AccessLogMapperTest.java:47)
	at sun.reflect.NativeMethodAccessorImpl.invoke0(Native Method)
	at sun.reflect.NativeMethodAccessorImpl.invoke(NativeMethodAccessorImpl.java:62)
	at sun.reflect.DelegatingMethodAccessorImpl.invoke(DelegatingMethodAccessorImpl.java:43)
	at java.lang.reflect.Method.invoke(Method.java:497)
	at org.junit.runners.model.FrameworkMethod$1.runReflectiveCall(FrameworkMethod.java:45)
	at org.junit.internal.runners.model.ReflectiveCallable.run(ReflectiveCallable.java:15)
	at org.junit.runners.model.FrameworkMethod.invokeExplosively(FrameworkMethod.java:42)
	at org.junit.internal.runners.statements.InvokeMethod.evaluate(InvokeMethod.java:20)
	at org.junit.internal.runners.statements.RunBefores.evaluate(RunBefores.java:28)
	at org.junit.runners.ParentRunner.runLeaf(ParentRunner.java:263)
	at org.junit.runners.BlockJUnit4ClassRunner.runChild(BlockJUnit4ClassRunner.java:68)
	at org.junit.runners.BlockJUnit4ClassRunner.runChild(BlockJUnit4ClassRunner.java:47)
	at org.junit.runners.ParentRunner$3.run(ParentRunner.java:231)
	at org.junit.runners.ParentRunner$1.schedule(ParentRunner.java:60)
	at org.junit.runners.ParentRunner.runChildren(ParentRunner.java:229)
	at org.junit.runners.ParentRunner.access$000(ParentRunner.java:50)
	at org.junit.runners.ParentRunner$2.evaluate(ParentRunner.java:222)
	at org.junit.runners.ParentRunner.run(ParentRunner.java:300)
	at org.apache.maven.surefire.junit4.JUnit4TestSet.execute(JUnit4TestSet.java:53)
	at org.apache.maven.surefire.junit4.JUnit4Provider.executeTestSet(JUnit4Provider.java:123)
	at org.apache.maven.surefire.junit4.JUnit4Provider.invoke(JUnit4Provider.java:104)
	at sun.reflect.NativeMethodAccessorImpl.invoke0(Native Method)
	at sun.reflect.NativeMethodAccessorImpl.invoke(NativeMethodAccessorImpl.java:62)
	at sun.reflect.DelegatingMethodAccessorImpl.invoke(DelegatingMethodAccessorImpl.java:43)
	at java.lang.reflect.Method.invoke(Method.java:497)
	at org.apache.maven.surefire.util.ReflectionUtils.invokeMethodWithArray(ReflectionUtils.java:164)
	at org.apache.maven.surefire.booter.ProviderFactory$ProviderProxy.invoke(ProviderFactory.java:110)
	at org.apache.maven.surefire.booter.SurefireStarter.invokeProvider(SurefireStarter.java:175)
	at org.apache.maven.surefire.booter.SurefireStarter.runSuitesInProcessWhenForked(SurefireStarter.java:107)
	at org.apache.maven.surefire.booter.ForkedBooter.main(ForkedBooter.java:68)
</error>
  </testcase>
</testsuite>